This is pdfTeXk, Version 3.141592-1.40.3 (Web2C 7.5.6) (format=pdflatex 2015.1.24)  28 JAN 2015 10:50
entering extended mode
 %&-line parsing enabled.
**proposal.tex
(./proposal.tex
LaTeX2e <2005/12/01>
Babel <v3.8h> and hyphenation patterns for english, usenglishmax, dumylang, noh
yphenation, arabic, basque, bulgarian, coptic, welsh, czech, slovak, german, ng
erman, danish, esperanto, spanish, catalan, galician, estonian, farsi, finnish,
 french, greek, monogreek, ancientgreek, croatian, hungarian, interlingua, ibyc
us, indonesian, icelandic, italian, latin, mongolian, dutch, norsk, polish, por
tuguese, pinyin, romanian, russian, slovenian, uppersorbian, serbian, swedish, 
turkish, ukenglish, ukrainian, loaded.
(/usr/share/texmf/tex/latex/base/article.cls
Document Class: article 2005/09/16 v1.4f Standard LaTeX document class
(/usr/share/texmf/tex/latex/base/size10.clo
File: size10.clo 2005/09/16 v1.4f Standard LaTeX file (size option)
)
\c@part=\count79
\c@section=\count80
\c@subsection=\count81
\c@subsubsection=\count82
\c@paragraph=\count83
\c@subparagraph=\count84
\c@figure=\count85
\c@table=\count86
\abovecaptionskip=\skip41
\belowcaptionskip=\skip42
\bibindent=\dimen102
)
(/usr/share/texmf/tex/latex/graphics/graphicx.sty
Package: graphicx 1999/02/16 v1.0f Enhanced LaTeX Graphics (DPC,SPQR)

(/usr/share/texmf/tex/latex/graphics/keyval.sty
Package: keyval 1999/03/16 v1.13 key=value parser (DPC)
\KV@toks@=\toks14
)
(/usr/share/texmf/tex/latex/graphics/graphics.sty
Package: graphics 2006/02/20 v1.0o Standard LaTeX Graphics (DPC,SPQR)

(/usr/share/texmf/tex/latex/graphics/trig.sty
Package: trig 1999/03/16 v1.09 sin cos tan (DPC)
)
(/usr/share/texmf/tex/latex/config/graphics.cfg
File: graphics.cfg 2007/01/18 v1.5 graphics configuration of teTeX/TeXLive
)
Package graphics Info: Driver file: pdftex.def on input line 90.

(/usr/share/texmf/tex/latex/pdftex-def/pdftex.def
File: pdftex.def 2007/01/08 v0.04d Graphics/color for pdfTeX
\Gread@gobject=\count87
))
\Gin@req@height=\dimen103
\Gin@req@width=\dimen104
) (./proposal.aux

LaTeX Warning: Label `fig:Stupendous' multiply defined.

)
\openout1 = `proposal.aux'.

LaTeX Font Info:    Checking defaults for OML/cmm/m/it on input line 4.
LaTeX Font Info:    ... okay on input line 4.
LaTeX Font Info:    Checking defaults for T1/cmr/m/n on input line 4.
LaTeX Font Info:    ... okay on input line 4.
LaTeX Font Info:    Checking defaults for OT1/cmr/m/n on input line 4.
LaTeX Font Info:    ... okay on input line 4.
LaTeX Font Info:    Checking defaults for OMS/cmsy/m/n on input line 4.
LaTeX Font Info:    ... okay on input line 4.
LaTeX Font Info:    Checking defaults for OMX/cmex/m/n on input line 4.
LaTeX Font Info:    ... okay on input line 4.
LaTeX Font Info:    Checking defaults for U/cmr/m/n on input line 4.
LaTeX Font Info:    ... okay on input line 4.
LaTeX Font Info:    External font `cmex10' loaded for size
(Font)              <12> on input line 9.
LaTeX Font Info:    External font `cmex10' loaded for size
(Font)              <8> on input line 9.
LaTeX Font Info:    External font `cmex10' loaded for size
(Font)              <6> on input line 9.

Underfull \hbox (badness 10000) in paragraph at lines 17--18

 []


Underfull \hbox (badness 10000) in paragraph at lines 19--20

 []


Underfull \hbox (badness 10000) in paragraph at lines 21--22

 []

[1

{/usr/share/texmf/fonts/map/pdftex/updmap/pdftex.map}]
<overview.png, id=12, 990.70125pt x 554.07pt>
File: overview.png Graphic file (type png)
 <use overview.png>
Overfull \hbox (16.35353pt too wide) in paragraph at lines 31--32
 [] 
 []


Underfull \hbox (badness 10000) in paragraph at lines 38--46

 []


Underfull \hbox (badness 10000) in paragraph at lines 38--46

 []

[2] [3 <./overview.png (PNG copy)>]
Underfull \hbox (badness 10000) in paragraph at lines 47--48

 []


Underfull \hbox (badness 10000) in paragraph at lines 52--53

 []


Underfull \hbox (badness 10000) in paragraph at lines 54--55

 []


Underfull \hbox (badness 10000) in paragraph at lines 56--57

 []


Overfull \hbox (39.33992pt too wide) in paragraph at lines 58--59
\OT1/cmr/m/n/10 first tape read-ing ...[][][][]\OT1/cmtt/m/n/10 11111E[][][][]\
OT1/cmr/m/n/10 ..., the sec-ond tape read-ing ...[][][][]\OT1/cmtt/m/n/10 [11,1
111]E[][][][]\OT1/cmr/m/n/10 ...,
 []


Overfull \hbox (112.95084pt too wide) in paragraph at lines 58--59
\OT1/cmr/m/n/10 the third tape read-ing ...[][][][]\OT1/cmtt/m/n/10 E[][][][]\O
T1/cmr/m/n/10 ..., and the fourth tape read-ing ...[][][][]\OT1/cmtt/m/n/10 [[1
11,1111],11111,[]]E[][][][]\OT1/cmr/m/n/10 .... 
 []


Underfull \hbox (badness 10000) in paragraph at lines 58--59

 []

[4]
Underfull \hbox (badness 10000) in paragraph at lines 64--65

 []


Underfull \hbox (badness 10000) in paragraph at lines 66--67

 []


Underfull \hbox (badness 10000) in paragraph at lines 68--69

 []


Underfull \hbox (badness 10000) in paragraph at lines 70--71

 []


Underfull \hbox (badness 10000) in paragraph at lines 72--73

 []

[5]
Overfull \hbox (41.90353pt too wide) in paragraph at lines 74--75
[]\OT1/cmr/m/n/10 ...[][][][]\OT1/cmtt/m/n/10 N1H11111E1N11111H[11,1111]E11N1HE
111N[[111,1111],11111,[]]EF[][][][]\OT1/cmr/m/n/10 ... 
 []


Underfull \hbox (badness 10000) in paragraph at lines 74--75

 []


Underfull \hbox (badness 10000) in paragraph at lines 76--77

 []


Overfull \hbox (136.40236pt too wide) in paragraph at lines 78--79
[]\OT1/cmr/m/n/10 ...[][][][]\OT1/cmtt/m/n/10 N1H[][]11111E[][][][][][]1N[][][]
11111H[11,1111]E[][][][]11N1HE111N[][][][][][[111,1111],11111,[]]E[][][][][]F[]
[][][]\OT1/cmr/m/n/10 ... 
 []


Underfull \hbox (badness 10000) in paragraph at lines 78--79

 []


Underfull \hbox (badness 10000) in paragraph at lines 80--81

 []

<MTMSTM.png, id=26, 1013.7875pt x 488.82625pt>
File: MTMSTM.png Graphic file (type png)
 <use MTMSTM.png>
Overfull \hbox (16.34344pt too wide) in paragraph at lines 84--85
 [] 
 []

<STTSTM.png, id=27, 1011.78pt x 462.72874pt>
File: STTSTM.png Graphic file (type png)
 <use STTSTM.png>
Overfull \hbox (16.35352pt too wide) in paragraph at lines 91--92
 [] 
 []

[6 <./MTMSTM.png (PNG copy)>]
LaTeX Font Info:    External font `cmex10' loaded for size
(Font)              <7> on input line 102.
LaTeX Font Info:    External font `cmex10' loaded for size
(Font)              <5> on input line 102.

Underfull \hbox (badness 10000) in paragraph at lines 101--111

 []


Underfull \hbox (badness 10000) in paragraph at lines 101--111

 []

[7 <./STTSTM.png (PNG copy)>]
Underfull \hbox (badness 10000) in paragraph at lines 112--113

 []


Overfull \hbox (473.65988pt too wide) in paragraph at lines 114--115
[]\OT1/cmr/m/n/10 ...\OT1/cmtt/m/n/10 00000000010100010110000100010001000100010
1110001010100010001000100010001011000100001000101000001000100010001001101110001
0001010100010110011100010001\OT1/cmr/m/n/10 ... 
 []


Underfull \hbox (badness 10000) in paragraph at lines 114--115

 []


Underfull \hbox (badness 10000) in paragraph at lines 116--117

 []


Underfull \hbox (badness 10000) in paragraph at lines 118--119

 []


Underfull \hbox (badness 10000) in paragraph at lines 124--125

 []


Underfull \hbox (badness 10000) in paragraph at lines 126--127

 []


Overfull \hbox (95.01703pt too wide) in paragraph at lines 129--130
[]\OT1/cmr/m/it/10 For all $\OML/cmm/m/it/10 k; n; r \OMS/cmsy/m/n/10 ^^U \OT1/
cmr/m/n/10 0$\OT1/cmr/m/it/10 , ev-ery or-der in-vari-ant graph on $\OT1/cmr/m/
n/10 [\OML/cmm/m/it/10 Q\OT1/cmr/m/n/10 ][]$ \OT1/cmr/m/it/10 has a free $\OMS/
cmsy/m/n/10 f\OML/cmm/m/it/10 x[]; [] ; x[]; ush\OT1/cmr/m/n/10 (\OML/cmm/m/it/
10 x[]\OT1/cmr/m/n/10 )\OML/cmm/m/it/10 ; :::; ush\OT1/cmr/m/n/10 (\OML/cmm/m/i
t/10 x[]\OT1/cmr/m/n/10 )\OMS/cmsy/m/n/10 g$
 []


Overfull \hbox (4.28831pt too wide) in paragraph at lines 129--130
\OT1/cmr/m/it/10 of com-plex-ity $\OMS/cmsy/m/n/10 ^^T \OT1/cmr/m/n/10 8\OML/cm
m/m/it/10 knr\OT1/cmr/m/n/10 !$\OT1/cmr/m/it/10 , each $\OMS/cmsy/m/n/10 f\OML/
cmm/m/it/10 x[]; [] ; x[]\OMS/cmsy/m/n/10 g$ \OT1/cmr/m/it/10 re-duc-ing $\OT1/
cmr/m/n/10 [\OML/cmm/m/it/10 x[] \OMS/cmsy/m/n/10 [ [] [ \OML/cmm/m/it/10 x[] \
OMS/cmsy/m/n/10 [ f\OT1/cmr/m/n/10 0\OML/cmm/m/it/10 ; [] ; n\OMS/cmsy/m/n/10 g
\OT1/cmr/m/n/10 ][]$\OT1/cmr/m/it/10 . 
 []

LaTeX Font Info:    Try loading font information for OMS+cmr on input line 131.

(/usr/share/texmf/tex/latex/base/omscmr.fd
File: omscmr.fd 1999/05/25 v2.5h Standard LaTeX font definitions
)
LaTeX Font Info:    Font shape `OMS/cmr/m/n' in size <10> not available
(Font)              Font shape `OMS/cmsy/m/n' tried instead on input line 131.

Underfull \hbox (badness 10000) in paragraph at lines 131--132

 []

[8]
Underfull \hbox (badness 10000) in paragraph at lines 133--134

 []


Underfull \hbox (badness 10000) in paragraph at lines 137--138

 []


Underfull \hbox (badness 10000) in paragraph at lines 139--140

 []


Underfull \hbox (badness 10000) in paragraph at lines 141--142

 []


Underfull \hbox (badness 10000) in paragraph at lines 143--144

 []


Underfull \hbox (badness 10000) in paragraph at lines 145--146

 []


Underfull \hbox (badness 10000) in paragraph at lines 149--150

 []

[9]
Underfull \hbox (badness 10000) in paragraph at lines 151--152

 []


Underfull \hbox (badness 10000) in paragraph at lines 153--154

 []

Missing character: There is no ‚ in font cmr10!
Missing character: There is no Ä in font cmr10!
Missing character: There is no ú in font cmr10!
Missing character: There is no ‚ in font cmr10!
Missing character: There is no Ä in font cmr10!
Missing character: There is no ù in font cmr10!
[10] (./proposal.aux)

LaTeX Warning: There were multiply-defined labels.

 ) 
Here is how much of TeX's memory you used:
 630 strings out of 256216
 7457 string characters out of 1917072
 58446 words of memory out of 1500000
 3957 multiletter control sequences out of 10000+200000
 9060 words of font info for 32 fonts, out of 1200000 for 2000
 645 hyphenation exceptions out of 8191
 25i,7n,19p,1042b,267s stack positions out of 5000i,500n,6000p,200000b,15000s
</usr/share/texmf/fonts/type1/bluesky/cm/cmbx12.pfb></usr/share/texmf/fonts/t
ype1/bluesky/cm/cmbx9.pfb></usr/share/texmf/fonts/type1/bluesky/cm/cmmi10.pfb><
/usr/share/texmf/fonts/type1/bluesky/cm/cmmi7.pfb></usr/share/texmf/fonts/type1
/bluesky/cm/cmr10.pfb></usr/share/texmf/fonts/type1/bluesky/cm/cmr12.pfb></usr/
share/texmf/fonts/type1/bluesky/cm/cmr17.pfb></usr/share/texmf/fonts/type1/blue
sky/cm/cmr7.pfb></usr/share/texmf/fonts/type1/bluesky/cm/cmr9.pfb></usr/share/t
exmf/fonts/type1/bluesky/cm/cmsl9.pfb></usr/share/texmf/fonts/type1/bluesky/cm/
cmsy10.pfb></usr/share/texmf/fonts/type1/bluesky/cm/cmsy7.pfb></usr/share/texmf
/fonts/type1/bluesky/cm/cmti10.pfb></usr/share/texmf/fonts/type1/bluesky/cm/cmt
t10.pfb>
Output written on proposal.pdf (10 pages, 237173 bytes).
PDF statistics:
 94 PDF objects out of 1000 (max. 8388607)
 0 named destinations out of 1000 (max. 131072)
 16 words of extra memory for PDF output out of 10000 (max. 10000000)

