This is pdfTeX, Version 3.1415926-2.5-1.40.14 (TeX Live 2013/Debian) (format=pdflatex 2014.8.11)  20 MAY 2015 14:18
entering extended mode
 restricted \write18 enabled.
 %&-line parsing enabled.
**main.tex
(./main.tex
LaTeX2e <2011/06/27>
Babel <3.9h> and hyphenation patterns for 78 languages loaded.
(./mitthesis.cls
Document Class: mitthesis 1999/10/20
\vithesis=\count79
(/usr/share/texlive/texmf-dist/tex/latex/base/report.cls
Document Class: report 2007/10/19 v1.4h Standard LaTeX document class
(/usr/share/texlive/texmf-dist/tex/latex/base/size12.clo
File: size12.clo 2007/10/19 v1.4h Standard LaTeX file (size option)
)
\c@part=\count80
\c@chapter=\count81
\c@section=\count82
\c@subsection=\count83
\c@subsubsection=\count84
\c@paragraph=\count85
\c@subparagraph=\count86
\c@figure=\count87
\c@table=\count88
\abovecaptionskip=\skip41
\belowcaptionskip=\skip42
\bibindent=\dimen102
)
(/usr/share/texlive/texmf-dist/tex/latex/setspace/setspace.sty
Package: setspace 2011/12/19 v6.7a set line spacing
)
Thesis document copyright MIT unless otherwise (manually) specified
\@titlesupervisor=\box26
\@abstractsupervisor=\box27
\c@savepage=\count89
) (./lgrind.sty
Package: lgrind 1997/01/30 v3.4 LGrind environment and supporting stuff
\lc@unt=\count90
\ln@xt=\count91
\LGnuminterval=\count92
\LGindent=\skip43
\LGsloppy=\skip44
\procbox=\box28
\ls@far=\box29
\tb@x=\box30
\TBw@d=\dimen103
\@ts=\dimen104
) (/usr/share/texlive/texmf-dist/tex/latex/cmap/cmap.sty
Package: cmap 2008/03/06 v1.0h CMap support: searchable PDF
)
(/usr/share/texlive/texmf-dist/tex/latex/base/fontenc.sty
Package: fontenc 2005/09/27 v1.99g Standard LaTeX package

(/usr/share/texlive/texmf-dist/tex/latex/base/t1enc.def
File: t1enc.def 2005/09/27 v1.99g Standard LaTeX file
LaTeX Font Info:    Redeclaring font encoding T1 on input line 43.
)<<t1.cmap>>)
Enter file names to process, (chap1,chap2 ...), or `all' to process all files:

\files=all
Including all files.
(./main.aux (./cover.aux) (./contents.aux) (./chap1.aux) (./chap2.aux)
(./appa.aux) (./appb.aux) (./biblio.aux))
\openout1 = `main.aux'.

LaTeX Font Info:    Checking defaults for OML/cmm/m/it on input line 45.
LaTeX Font Info:    ... okay on input line 45.
LaTeX Font Info:    Checking defaults for T1/cmr/m/n on input line 45.
LaTeX Font Info:    ... okay on input line 45.
LaTeX Font Info:    Checking defaults for OT1/cmr/m/n on input line 45.
LaTeX Font Info:    ... okay on input line 45.
LaTeX Font Info:    Checking defaults for OMS/cmsy/m/n on input line 45.
LaTeX Font Info:    ... okay on input line 45.
LaTeX Font Info:    Checking defaults for OMX/cmex/m/n on input line 45.
LaTeX Font Info:    ... okay on input line 45.
LaTeX Font Info:    Checking defaults for U/cmr/m/n on input line 45.
LaTeX Font Info:    ... okay on input line 45.
\openout2 = `cover.aux'.

 (./cover.tex
LaTeX Font Info:    Try loading font information for OMS+cmr on input line 93.

(/usr/share/texlive/texmf-dist/tex/latex/base/omscmr.fd
File: omscmr.fd 1999/05/25 v2.5h Standard LaTeX font definitions
)
LaTeX Font Info:    Font shape `OMS/cmr/m/n' in size <14.4> not available
(Font)              Font shape `OMS/cmsy/m/n' tried instead on input line 93.
<<oms.cmap>> [1



{/var/lib/texmf/fonts/map/pdftex/updmap/pdftex.map}] [2

] (./abstract.tex) [3

] [4

])
[5]
\openout2 = `contents.aux'.

 (./contents.tex [6



] (./main.toc<<ot1.cmap>><<oml.cmap>>
LaTeX Font Info:    External font `cmex10' loaded for size
(Font)              <12> on input line 2.
<<omx.cmap>>
LaTeX Font Info:    External font `cmex10' loaded for size
(Font)              <8> on input line 2.
LaTeX Font Info:    External font `cmex10' loaded for size
(Font)              <6> on input line 2.
)
\tf@toc=\write3
\openout3 = `main.toc'.


[7] [8

] (./main.lof)
\tf@lof=\write4
\openout4 = `main.lof'.

 [9] [10

] (./main.lot)
\tf@lot=\write5
\openout5 = `main.lot'.

) [11]
\openout2 = `chap1.aux'.

 (./chap1.tex [12



]
Chapter 1.

LaTeX Warning: Citation `patterson:risc' on page 13 undefined on input line 32.



LaTeX Warning: Citation `rad83' on page 13 undefined on input line 32.


LaTeX Warning: Citation `ellis:bulldog' on page 13 undefined on input line 40.


LaTeX Warning: Citation `pet87' on page 13 undefined on input line 40.


LaTeX Warning: Citation `coutant:precision-compilers' on page 13 undefined on i
nput line 40.


LaTeX Warning: Citation `gib86' on page 13 undefined on input line 44.

[13]
LaTeX Font Info:    External font `cmex10' loaded for size
(Font)              <7> on input line 76.
LaTeX Font Info:    External font `cmex10' loaded for size
(Font)              <5> on input line 76.


LaTeX Warning: Reference `exponent-format' on page 14 undefined on input line 7
6.


LaTeX Warning: Reference `mantissa-format' on page 14 undefined on input line 7
6.


LaTeX Warning: Reference `unnorm-math' on page 14 undefined on input line 77.

[14]

LaTeX Warning: Citation `thornton:cdc6600' on page 15 undefined on input line 9
2.

LaTeX Font Info:    Try loading font information for T1+cmtt on input line 92.
(/usr/share/texlive/texmf-dist/tex/latex/base/t1cmtt.fd
File: t1cmtt.fd 1999/05/25 v2.5h Standard LaTeX font definitions
) [15]

LaTeX Warning: Reference `opt:be' on page 16 undefined on input line 131.


LaTeX Warning: Reference `range-tracking' on page 16 undefined on input line 16
0.

[16]
Underfull \vbox (badness 1389) has occurred while \output is active []

 [17]

LaTeX Warning: Citation `magenheimer:precision' on page 18 undefined on input l
ine 204.


LaTeX Warning: Citation `byte:i860' on page 18 undefined on input line 214.


LaTeX Warning: Citation `ellis:bulldog' on page 18 undefined on input line 227.



LaTeX Warning: Citation `colwell:vliw' on page 18 undefined on input line 227.

[18]

LaTeX Warning: Citation `gib86' on page 19 undefined on input line 248.

) [19]
\openout2 = `chap2.aux'.


No file chap2.tex.
\openout2 = `appa.aux'.

(./appa.tex [20





]
Appendix A.
[21])
\openout2 = `appb.aux'.

 (./appb.tex [22




]
Appendix B.
[23] [24])
\openout2 = `biblio.aux'.

 (./biblio.tex
No file main.bbl.
) (./main.aux (./cover.aux) (./contents.aux) (./chap1.aux) (./chap2.aux)
(./appa.aux) (./appb.aux) (./biblio.aux))

LaTeX Warning: There were undefined references.

 ) 
Here is how much of TeX's memory you used:
 857 strings out of 493304
 9293 string characters out of 6139871
 60110 words of memory out of 5000000
 4248 multiletter control sequences out of 15000+600000
 17644 words of font info for 39 fonts, out of 8000000 for 9000
 957 hyphenation exceptions out of 8191
 28i,8n,23p,223b,249s stack positions out of 5000i,500n,10000p,200000b,80000s
{/usr/share/texmf/fonts/enc/dvips/cm-super/cm-super-t1.enc}</usr/share/texliv
e/texmf-dist/fonts/type1/public/amsfonts/cm/cmmi10.pfb></usr/share/texlive/texm
f-dist/fonts/type1/public/amsfonts/cm/cmmi12.pfb></usr/share/texlive/texmf-dist
/fonts/type1/public/amsfonts/cm/cmmi8.pfb></usr/share/texlive/texmf-dist/fonts/
type1/public/amsfonts/cm/cmr10.pfb></usr/share/texlive/texmf-dist/fonts/type1/p
ublic/amsfonts/cm/cmr12.pfb></usr/share/texlive/texmf-dist/fonts/type1/public/a
msfonts/cm/cmr7.pfb></usr/share/texlive/texmf-dist/fonts/type1/public/amsfonts/
cm/cmr8.pfb></usr/share/texlive/texmf-dist/fonts/type1/public/amsfonts/cm/cmsy1
0.pfb></usr/share/texmf/fonts/type1/public/cm-super/sfbx1000.pfb></usr/share/te
xmf/fonts/type1/public/cm-super/sfbx1200.pfb></usr/share/texmf/fonts/type1/publ
ic/cm-super/sfbx1440.pfb></usr/share/texmf/fonts/type1/public/cm-super/sfbx1728
.pfb></usr/share/texmf/fonts/type1/public/cm-super/sfbx2488.pfb></usr/share/tex
mf/fonts/type1/public/cm-super/sfrm0700.pfb></usr/share/texmf/fonts/type1/publi
c/cm-super/sfrm0800.pfb></usr/share/texmf/fonts/type1/public/cm-super/sfrm1000.
pfb></usr/share/texmf/fonts/type1/public/cm-super/sfrm1200.pfb></usr/share/texm
f/fonts/type1/public/cm-super/sfrm1440.pfb></usr/share/texmf/fonts/type1/public
/cm-super/sfrm1728.pfb></usr/share/texmf/fonts/type1/public/cm-super/sfti1200.p
fb></usr/share/texmf/fonts/type1/public/cm-super/sftt1000.pfb>
Output written on main.pdf (24 pages, 290321 bytes).
PDF statistics:
 172 PDF objects out of 1000 (max. 8388607)
 118 compressed objects within 2 object streams
 0 named destinations out of 1000 (max. 500000)
 21 words of extra memory for PDF output out of 10000 (max. 10000000)

